2025-06-27 13:56:25,402 [INFO] Activator:176 - 


2025-06-27 13:56:25,404 [INFO] Activator:177 - !SESSION log4j initialized
2025-06-27 13:56:29,742 [INFO] LogOutputStream:77 - [STDOUT_REDIRECT] 
2025-06-27 13:56:39,541 [INFO] ApplicationProperties:184 - Using Application install path: C:\ST\STM32CubeIDE_1.18.1\STM32CubeIDE\plugins\com.st.stm32cube.common.mx_6.14.1.202504091515
2025-06-27 13:56:39,592 [INFO] DbMcusXml:78 - Set database path to: C:\ST\STM32CubeIDE_1.18.1\STM32CubeIDE\plugins\com.st.stm32cube.common.mx_6.14.1.202504091515\\db\/mcu/
2025-06-27 13:56:39,593 [INFO] ApiDb:274 - Set plugin database path to: C:\ST\STM32CubeIDE_1.18.1\STM32CubeIDE\plugins\com.st.stm32cube.common.mx_6.14.1.202504091515\\db\/plugins/boardmanager/
2025-06-27 13:56:39,594 [WARN] ApiDb:259 - Overriding images path with different value:  => C:\ST\STM32CubeIDE_1.18.1\STM32CubeIDE\plugins\com.st.stm32cube.common.mx_6.14.1.202504091515\\db\/plugins/mcufinder/images/
2025-06-27 13:56:39,617 [INFO] ApiDb:250 - Set database path to: C:\Users\USER\.stmcufinder\plugins\mcufinder//mcu/
2025-06-27 13:56:39,621 [INFO] DbMcusAds:125 - Set database path to: C:\Users\USER\.stmcufinder\plugins\mcufinder//mcu/
2025-06-27 13:56:39,628 [INFO] CrossReferenceDbSqlite:203 - Set database path to: C:\Users\USER\.stmcufinder\plugins\mcufinder//mcu/cs/
2025-06-27 13:56:39,925 [INFO] RulesReader:64 - Compatibility file has been processed (302 Rules)
2025-06-27 13:56:40,156 [INFO] DbMcusXml:78 - Set database path to: C:\ST\STM32CubeIDE_1.18.1\STM32CubeIDE\plugins\com.st.stm32cube.common.mx_6.14.1.202504091515\\db\/mcu/
2025-06-27 13:56:40,157 [INFO] ApiDb:274 - Set plugin database path to: C:\ST\STM32CubeIDE_1.18.1\STM32CubeIDE\plugins\com.st.stm32cube.common.mx_6.14.1.202504091515\\db\/plugins/boardmanager/
2025-06-27 13:56:40,157 [INFO] ApiDb:261 - Set plugin images path to: C:\ST\STM32CubeIDE_1.18.1\STM32CubeIDE\plugins\com.st.stm32cube.common.mx_6.14.1.202504091515\\db\/plugins/mcufinder/images/
2025-06-27 13:56:40,158 [WARN] DbFile:41 - Overriding database path with different value: C:\Users\USER\.stmcufinder\plugins\mcufinder/ => C:\Users\USER\.stmcufinder\plugins\mcufinder
2025-06-27 13:56:40,159 [INFO] ApiDb:250 - Set database path to: C:\Users\USER\.stmcufinder\plugins\mcufinder//mcu/
2025-06-27 13:56:40,159 [WARN] DbFile:41 - Overriding database path with different value: C:\Users\USER\.stmcufinder\plugins\mcufinder/ => C:\Users\USER\.stmcufinder\plugins\mcufinder
2025-06-27 13:56:40,159 [INFO] DbMcusAds:125 - Set database path to: C:\Users\USER\.stmcufinder\plugins\mcufinder//mcu/
2025-06-27 13:56:40,160 [WARN] DbFile:41 - Overriding database path with different value: C:\Users\USER\.stmcufinder\plugins\mcufinder/ => C:\Users\USER\.stmcufinder\plugins\mcufinder
2025-06-27 13:56:40,160 [WARN] DbFile:41 - Overriding database path with different value: C:\Users\USER\.stmcufinder\plugins\mcufinder/ => C:\Users\USER\.stmcufinder\plugins\mcufinder
2025-06-27 13:56:40,160 [INFO] CrossReferenceDbSqlite:203 - Set database path to: C:\Users\USER\.stmcufinder\plugins\mcufinder//mcu/cs/
2025-06-27 13:56:40,388 [INFO] MainPanel:272 - HeapMemory: 268435456
2025-06-27 13:56:40,684 [INFO] DbMcusXml:78 - Set database path to: C:\ST\STM32CubeIDE_1.18.1\STM32CubeIDE\plugins\com.st.stm32cube.common.mx_6.14.1.202504091515\\db\/mcu/
2025-06-27 13:56:40,685 [INFO] ApiDb:274 - Set plugin database path to: C:\ST\STM32CubeIDE_1.18.1\STM32CubeIDE\plugins\com.st.stm32cube.common.mx_6.14.1.202504091515\\db\/plugins/boardmanager/
2025-06-27 13:56:40,685 [INFO] ApiDb:261 - Set plugin images path to: C:\ST\STM32CubeIDE_1.18.1\STM32CubeIDE\plugins\com.st.stm32cube.common.mx_6.14.1.202504091515\\db\/plugins/mcufinder/images/
2025-06-27 13:56:40,687 [WARN] DbFile:41 - Overriding database path with different value: C:\Users\USER\.stmcufinder\plugins\mcufinder/ => C:\Users\USER\.stmcufinder\plugins\mcufinder
2025-06-27 13:56:40,688 [INFO] ApiDb:250 - Set database path to: C:\Users\USER\.stmcufinder\plugins\mcufinder//mcu/
2025-06-27 13:56:40,688 [WARN] DbFile:41 - Overriding database path with different value: C:\Users\USER\.stmcufinder\plugins\mcufinder/ => C:\Users\USER\.stmcufinder\plugins\mcufinder
2025-06-27 13:56:40,688 [INFO] DbMcusAds:125 - Set database path to: C:\Users\USER\.stmcufinder\plugins\mcufinder//mcu/
2025-06-27 13:56:40,689 [WARN] DbFile:41 - Overriding database path with different value: C:\Users\USER\.stmcufinder\plugins\mcufinder/ => C:\Users\USER\.stmcufinder\plugins\mcufinder
2025-06-27 13:56:40,689 [WARN] DbFile:41 - Overriding database path with different value: C:\Users\USER\.stmcufinder\plugins\mcufinder/ => C:\Users\USER\.stmcufinder\plugins\mcufinder
2025-06-27 13:56:40,696 [INFO] CrossReferenceDbSqlite:203 - Set database path to: C:\Users\USER\.stmcufinder\plugins\mcufinder//mcu/cs/
2025-06-27 13:56:40,750 [INFO] ApplicationProperties:184 - Using Application install path: C:\ST\STM32CubeIDE_1.18.1\STM32CubeIDE\plugins\com.st.stm32cube.common.mx_6.14.1.202504091515
2025-06-27 13:56:40,754 [INFO] PluginManage:196 - Search for loadable plugins [exclusion list=, ]
2025-06-27 13:56:40,758 [INFO] PluginManage:310 - Check plugin analytics
2025-06-27 13:56:41,228 [INFO] AnalyticsPlugin:253 - Accepted Software Licenses: 
2025-06-27 13:56:41,229 [INFO] AnalyticsPlugin:255 - Accepted CMSIS Pack Licenses: 
2025-06-27 13:56:41,230 [INFO] AnalyticsPlugin:257 - Accepted Firmware Licenses: 
2025-06-27 13:56:41,239 [INFO] PluginManage:359 - Loaded plugin analytics (category:tool,tabindex:-1)
2025-06-27 13:56:41,239 [INFO] PluginManage:310 - Check plugin cadmodel
2025-06-27 13:56:41,255 [INFO] CADModel:105 - Init CAD model plugin
2025-06-27 13:56:41,256 [INFO] PluginManage:359 - Loaded plugin cadmodel (category:power,tabindex:5)
2025-06-27 13:56:41,256 [INFO] PluginManage:310 - Check plugin clock
2025-06-27 13:56:41,286 [INFO] PluginManage:359 - Loaded plugin clock (category:base,tabindex:2)
2025-06-27 13:56:41,287 [INFO] PluginManage:310 - Check plugin ddr
2025-06-27 13:56:41,294 [INFO] PluginManage:359 - Loaded plugin ddr (category:tool,tabindex:6)
2025-06-27 13:56:41,294 [INFO] PluginManage:310 - Check plugin filemanager
2025-06-27 13:56:41,592 [INFO] PluginManage:359 - Loaded plugin filemanager (category:base,tabindex:10)
2025-06-27 13:56:41,592 [INFO] PluginManage:310 - Check plugin ipmanager
2025-06-27 13:56:41,608 [INFO] PluginManage:359 - Loaded plugin ipmanager (category:base,tabindex:5)
2025-06-27 13:56:41,608 [INFO] PluginManage:310 - Check plugin lpbam
2025-06-27 13:56:41,626 [INFO] PluginManage:359 - Loaded plugin lpbam (category:base,tabindex:0)
2025-06-27 13:56:41,626 [INFO] PluginManage:310 - Check plugin memorymap
2025-06-27 13:56:41,659 [INFO] PluginManage:359 - Loaded plugin memorymap (category:base,tabindex:4)
2025-06-27 13:56:41,660 [INFO] PluginManage:310 - Check plugin pinoutandconfiguration
2025-06-27 13:56:41,678 [INFO] PluginManage:359 - Loaded plugin pinoutandconfiguration (category:base,tabindex:1)
2025-06-27 13:56:41,679 [INFO] PluginManage:310 - Check plugin pinoutconfig
2025-06-27 13:56:41,911 [WARN] SupportedApi:132 - Cannot load RTOS API schema: s4s-elt-must-match.1: The content of 'definitions' must match (annotation?, (simpleType | complexType)?, (unique | key | keyref)*)). A problem was found starting at: attribute.
2025-06-27 13:56:42,231 [INFO] PluginManage:359 - Loaded plugin pinoutconfig (category:base,tabindex:0)
2025-06-27 13:56:42,231 [INFO] PluginManage:310 - Check plugin power
2025-06-27 13:56:42,257 [INFO] PluginManage:359 - Loaded plugin power (category:power,tabindex:4)
2025-06-27 13:56:42,257 [INFO] PluginManage:310 - Check plugin projectmanager
2025-06-27 13:56:42,296 [INFO] PluginManage:359 - Loaded plugin projectmanager (category:projectmanager,tabindex:4)
2025-06-27 13:56:42,296 [INFO] PluginManage:310 - Check plugin rif
2025-06-27 13:56:42,311 [INFO] PluginManage:359 - Loaded plugin rif (category:base,tabindex:3)
2025-06-27 13:56:42,311 [INFO] PluginManage:310 - Check plugin thirdparty
2025-06-27 13:56:42,563 [INFO] PluginManage:359 - Loaded plugin thirdparty (category:base,tabindex:-1)
2025-06-27 13:56:42,563 [WARN] IntegrityCheckThread:84 - waiting for thirdparty lock release [integrity check]
2025-06-27 13:56:42,563 [INFO] PluginManage:310 - Check plugin tools
2025-06-27 13:56:42,563 [INFO] IntegrityCheckThread:86 - entering critical section [integrity check]
2025-06-27 13:56:42,564 [INFO] ThirdPartyUpdaterWithRetryManager:70 - Updater plugin not ready yet. [1/15]
2025-06-27 13:56:42,569 [INFO] PluginManage:359 - Loaded plugin tools (category:base,tabindex:7)
2025-06-27 13:56:42,569 [INFO] PluginManage:310 - Check plugin tutovideos
2025-06-27 13:56:42,995 [INFO] PluginManage:359 - Loaded plugin tutovideos (category:base,tabindex:-1)
2025-06-27 13:56:42,995 [INFO] PluginManage:310 - Check plugin updater
2025-06-27 13:56:43,036 [INFO] PluginManage:359 - Loaded plugin updater (category:base,tabindex:12)
2025-06-27 13:56:43,036 [INFO] PluginManage:310 - Check plugin userauth
2025-06-27 13:56:43,044 [INFO] UserAuth:118 - Init User Auth plugin
2025-06-27 13:56:43,046 [INFO] PluginManage:359 - Loaded plugin userauth (category:base,tabindex:14)
2025-06-27 13:56:43,047 [INFO] PluginManage:283 - PluginManage : Loaded plugins [18]
2025-06-27 13:56:43,531 [INFO] PinOutPanel:1589 - setPackage(No Configuration,No Configuration)
2025-06-27 13:56:43,949 [INFO] CADModel:165 - CPN selected for project level
2025-06-27 13:56:43,951 [INFO] CADModel:114 - Register for checkConnection events
2025-06-27 13:56:43,997 [INFO] IPUIPlugin:80 - create IPUIPlugin
2025-06-27 13:56:43,997 [INFO] PluginManager:220 - loadIPPluginJar : add adc
2025-06-27 13:56:44,004 [INFO] IPUIPlugin:80 - create IPUIPlugin
2025-06-27 13:56:44,004 [INFO] PluginManager:220 - loadIPPluginJar : add aes
2025-06-27 13:56:44,012 [INFO] IPUIPlugin:80 - create IPUIPlugin
2025-06-27 13:56:44,012 [INFO] PluginManager:220 - loadIPPluginJar : add can
2025-06-27 13:56:44,017 [INFO] IPUIPlugin:80 - create IPUIPlugin
2025-06-27 13:56:44,017 [INFO] PluginManager:220 - loadIPPluginJar : add comp
2025-06-27 13:56:44,023 [INFO] IPUIPlugin:80 - create IPUIPlugin
2025-06-27 13:56:44,023 [INFO] PluginManager:220 - loadIPPluginJar : add cryp
2025-06-27 13:56:44,031 [INFO] IPUIPlugin:80 - create IPUIPlugin
2025-06-27 13:56:44,031 [INFO] PluginManager:220 - loadIPPluginJar : add ddr_ctrl_phy
2025-06-27 13:56:44,037 [INFO] IPUIPlugin:80 - create IPUIPlugin
2025-06-27 13:56:44,037 [INFO] PluginManager:220 - loadIPPluginJar : add dfsdm
2025-06-27 13:56:44,046 [INFO] IPUIPlugin:80 - create IPUIPlugin
2025-06-27 13:56:44,047 [INFO] PluginManager:220 - loadIPPluginJar : add dma
2025-06-27 13:56:44,055 [INFO] IPUIPlugin:80 - create IPUIPlugin
2025-06-27 13:56:44,055 [INFO] PluginManager:220 - loadIPPluginJar : add dma3
2025-06-27 13:56:44,060 [INFO] IPUIPlugin:80 - create IPUIPlugin
2025-06-27 13:56:44,060 [INFO] PluginManager:220 - loadIPPluginJar : add extmemmanager
2025-06-27 13:56:44,064 [INFO] IPUIPlugin:80 - create IPUIPlugin
2025-06-27 13:56:44,064 [INFO] PluginManager:220 - loadIPPluginJar : add fatfs
2025-06-27 13:56:44,072 [INFO] IPUIPlugin:80 - create IPUIPlugin
2025-06-27 13:56:44,073 [INFO] PluginManager:220 - loadIPPluginJar : add fmc
2025-06-27 13:56:44,083 [INFO] IPUIPlugin:80 - create IPUIPlugin
2025-06-27 13:56:44,084 [INFO] PluginManager:220 - loadIPPluginJar : add freertos
2025-06-27 13:56:44,087 [INFO] IPUIPlugin:80 - create IPUIPlugin
2025-06-27 13:56:44,087 [INFO] PluginManager:220 - loadIPPluginJar : add genericplugin
2025-06-27 13:56:44,093 [INFO] IPUIPlugin:80 - create IPUIPlugin
2025-06-27 13:56:44,093 [INFO] PluginManager:220 - loadIPPluginJar : add gfxmmu
2025-06-27 13:56:44,101 [INFO] IPUIPlugin:80 - create IPUIPlugin
2025-06-27 13:56:44,102 [INFO] PluginManager:220 - loadIPPluginJar : add gic
2025-06-27 13:56:44,110 [INFO] IPUIPlugin:80 - create IPUIPlugin
2025-06-27 13:56:44,110 [INFO] PluginManager:220 - loadIPPluginJar : add gpio
2025-06-27 13:56:44,116 [INFO] IPUIPlugin:80 - create IPUIPlugin
2025-06-27 13:56:44,116 [INFO] PluginManager:220 - loadIPPluginJar : add gtzc
2025-06-27 13:56:44,121 [INFO] IPUIPlugin:80 - create IPUIPlugin
2025-06-27 13:56:44,121 [INFO] PluginManager:220 - loadIPPluginJar : add hash
2025-06-27 13:56:44,125 [INFO] IPUIPlugin:80 - create IPUIPlugin
2025-06-27 13:56:44,126 [INFO] PluginManager:220 - loadIPPluginJar : add i2c
2025-06-27 13:56:44,130 [INFO] IPUIPlugin:80 - create IPUIPlugin
2025-06-27 13:56:44,131 [INFO] PluginManager:220 - loadIPPluginJar : add i2s
2025-06-27 13:56:44,136 [INFO] IPUIPlugin:80 - create IPUIPlugin
2025-06-27 13:56:44,137 [INFO] PluginManager:220 - loadIPPluginJar : add i3c
2025-06-27 13:56:44,143 [INFO] IPUIPlugin:80 - create IPUIPlugin
2025-06-27 13:56:44,143 [INFO] PluginManager:220 - loadIPPluginJar : add ipddr
2025-06-27 13:56:44,155 [INFO] IPUIPlugin:80 - create IPUIPlugin
2025-06-27 13:56:44,155 [INFO] PluginManager:220 - loadIPPluginJar : add linkedlist
2025-06-27 13:56:44,162 [INFO] IPUIPlugin:80 - create IPUIPlugin
2025-06-27 13:56:44,162 [INFO] PluginManager:220 - loadIPPluginJar : add lorawan
2025-06-27 13:56:44,166 [INFO] IPUIPlugin:80 - create IPUIPlugin
2025-06-27 13:56:44,166 [INFO] PluginManager:220 - loadIPPluginJar : add ltdc
2025-06-27 13:56:44,177 [INFO] IPUIPlugin:80 - create IPUIPlugin
2025-06-27 13:56:44,178 [INFO] PluginManager:220 - loadIPPluginJar : add mdma
2025-06-27 13:56:44,186 [INFO] IPUIPlugin:80 - create IPUIPlugin
2025-06-27 13:56:44,186 [INFO] PluginManager:220 - loadIPPluginJar : add nvic
2025-06-27 13:56:44,192 [INFO] IPUIPlugin:80 - create IPUIPlugin
2025-06-27 13:56:44,193 [INFO] PluginManager:220 - loadIPPluginJar : add opamp
2025-06-27 13:56:44,199 [INFO] IPUIPlugin:80 - create IPUIPlugin
2025-06-27 13:56:44,200 [INFO] PluginManager:220 - loadIPPluginJar : add openamp
2025-06-27 13:56:44,208 [INFO] IPUIPlugin:80 - create IPUIPlugin
2025-06-27 13:56:44,208 [INFO] PluginManager:220 - loadIPPluginJar : add pdm2pcm
2025-06-27 13:56:44,221 [INFO] IPUIPlugin:80 - create IPUIPlugin
2025-06-27 13:56:44,227 [INFO] PluginManager:220 - loadIPPluginJar : add plateformsettings
2025-06-27 13:56:44,231 [INFO] IPUIPlugin:80 - create IPUIPlugin
2025-06-27 13:56:44,231 [INFO] PluginManager:220 - loadIPPluginJar : add quadspi
2025-06-27 13:56:44,236 [INFO] IPUIPlugin:80 - create IPUIPlugin
2025-06-27 13:56:44,237 [INFO] PluginManager:220 - loadIPPluginJar : add radio
2025-06-27 13:56:44,246 [INFO] IPUIPlugin:80 - create IPUIPlugin
2025-06-27 13:56:44,247 [INFO] PluginManager:220 - loadIPPluginJar : add resmgrutility
2025-06-27 13:56:44,254 [INFO] IPUIPlugin:80 - create IPUIPlugin
2025-06-27 13:56:44,254 [INFO] PluginManager:220 - loadIPPluginJar : add sai
2025-06-27 13:56:44,259 [INFO] IPUIPlugin:80 - create IPUIPlugin
2025-06-27 13:56:44,260 [INFO] PluginManager:220 - loadIPPluginJar : add spi
2025-06-27 13:56:44,270 [INFO] IPUIPlugin:80 - create IPUIPlugin
2025-06-27 13:56:44,271 [INFO] PluginManager:220 - loadIPPluginJar : add stm32_wpan
2025-06-27 13:56:44,276 [INFO] IPUIPlugin:80 - create IPUIPlugin
2025-06-27 13:56:44,276 [INFO] PluginManager:220 - loadIPPluginJar : add tim
2025-06-27 13:56:44,284 [INFO] IPUIPlugin:80 - create IPUIPlugin
2025-06-27 13:56:44,285 [INFO] PluginManager:220 - loadIPPluginJar : add touchsensing
2025-06-27 13:56:44,289 [INFO] IPUIPlugin:80 - create IPUIPlugin
2025-06-27 13:56:44,290 [INFO] PluginManager:220 - loadIPPluginJar : add tracer_emb
2025-06-27 13:56:44,294 [INFO] IPUIPlugin:80 - create IPUIPlugin
2025-06-27 13:56:44,294 [INFO] PluginManager:220 - loadIPPluginJar : add ts
2025-06-27 13:56:44,298 [INFO] IPUIPlugin:80 - create IPUIPlugin
2025-06-27 13:56:44,298 [INFO] PluginManager:220 - loadIPPluginJar : add tsc
2025-06-27 13:56:44,304 [INFO] IPUIPlugin:80 - create IPUIPlugin
2025-06-27 13:56:44,304 [INFO] PluginManager:220 - loadIPPluginJar : add ucpd
2025-06-27 13:56:44,311 [INFO] IPUIPlugin:80 - create IPUIPlugin
2025-06-27 13:56:44,311 [INFO] PluginManager:220 - loadIPPluginJar : add usart
2025-06-27 13:56:44,319 [INFO] IPUIPlugin:80 - create IPUIPlugin
2025-06-27 13:56:44,320 [INFO] PluginManager:220 - loadIPPluginJar : add usbx
2025-06-27 13:56:44,495 [FATAL] Updater:351 - Updater called before beeing initialized
2025-06-27 13:56:44,550 [INFO] RulesReader:64 - Compatibility file has been processed (302 Rules)
2025-06-27 13:56:44,570 [INFO] RulesReader:64 - Compatibility file has been processed (302 Rules)
2025-06-27 13:56:44,581 [INFO] CADModel:165 - CPN selected for project level
2025-06-27 13:56:44,582 [INFO] CADModel:114 - Register for checkConnection events
2025-06-27 13:56:44,582 [FATAL] Updater:351 - Updater called before beeing initialized
2025-06-27 13:56:44,582 [ERROR] CADModel:125 - Updater not yet initialized, retry later 
2025-06-27 13:56:45,037 [FATAL] Updater:351 - Updater called before beeing initialized
2025-06-27 13:56:45,041 [INFO] CADModel:165 - CPN selected for project level
2025-06-27 13:56:45,041 [INFO] CADModel:114 - Register for checkConnection events
2025-06-27 13:56:45,041 [FATAL] Updater:351 - Updater called before beeing initialized
2025-06-27 13:56:45,042 [ERROR] CADModel:125 - Updater not yet initialized, retry later 
2025-06-27 13:56:45,051 [FATAL] Updater:351 - Updater called before beeing initialized
2025-06-27 13:56:45,393 [FATAL] Updater:351 - Updater called before beeing initialized
2025-06-27 13:56:45,406 [INFO] DbMcusAds:53 - JSON generation date=Thu Jun 19 17:32:37 KST 2025 (1750321957418)
2025-06-27 13:56:45,406 [FATAL] Updater:351 - Updater called before beeing initialized
2025-06-27 13:56:45,541 [WARN] DetailPanel:346 - Failed to get advertising image, set to default
2025-06-27 13:56:45,637 [INFO] ThirdPartyUpdaterWithRetryManager:70 - Updater plugin not ready yet. [2/15]
2025-06-27 13:56:46,966 [FATAL] Updater:351 - Updater called before beeing initialized
2025-06-27 13:56:46,979 [FATAL] Updater:351 - Updater called before beeing initialized
2025-06-27 13:56:46,979 [FATAL] Updater:351 - Updater called before beeing initialized
2025-06-27 13:56:46,980 [WARN] DetailPanel:346 - Failed to get advertising image, set to default
2025-06-27 13:56:46,995 [FATAL] Updater:351 - Updater called before beeing initialized
2025-06-27 13:56:47,245 [ERROR] Updater:1198 - MainUpdater not yet initialized. External WinMGr cannot be set.
2025-06-27 13:56:47,255 [INFO] Updater:1134 - Updater Version found : 6.14.1
2025-06-27 13:56:47,333 [INFO] ApplicationProperties:184 - Using Application install path: C:\ST\STM32CubeIDE_1.18.1\STM32CubeIDE\plugins\com.st.stm32cube.common.mx_6.14.1.202504091515
2025-06-27 13:56:48,787 [FATAL] Updater:351 - Updater called before beeing initialized
2025-06-27 13:56:48,799 [ERROR] IntegrityCheckThread:130 - Cannot retrieve database content from updater: error 21
2025-06-27 13:56:48,813 [INFO] ThirdParty:978 - Integrity check success = false
2025-06-27 13:56:48,813 [INFO] IntegrityCheckThread:100 - exiting critical section [integrity check]
2025-06-27 13:56:48,814 [INFO] IntegrityCheckThread:103 - End integrity checks thread
2025-06-27 13:56:48,844 [INFO] MainUpdater:2872 - connection check result : 10
2025-06-27 13:56:48,849 [INFO] MainUpdater:289 - Updater Check For Update Now.
2025-06-27 13:56:48,850 [INFO] MicroXplorer:498 - Change Database Version : DB.6.0.141
2025-06-27 13:56:48,984 [INFO] McuFinderGlobals:63 - Set McuFinder mode to 2 (CubeIDE integrated)
2025-06-27 13:56:48,987 [INFO] UserAuth:171 - activating auth plugin
2025-06-27 13:56:49,007 [INFO] UserAuth:484 - Internet connection configuration mode: 1
2025-06-27 13:56:49,123 [INFO] JxBrowserEngine:152 - Initiate JxBrowser Engine with user profile folder
2025-06-27 13:56:49,511 [INFO] CheckServerUpdateThread:120 - End of CheckServer Thread
